wear/build/intermediates/manifest_merge_blame_file/debug/manifest-merger-blame-debug-report.txt
1<?xml version="1.0" encoding="utf-8"?>
2<manifest xmlns:android="http://schemas.android.com/apk/res/android"
3    package="com.ckzhang.remotecap"
4    android:versionCode="1"
5    android:versionName="1.0" >
6
7    <uses-sdk
8        android:minSdkVersion="30"
9        android:targetSdkVersion="33" />
10
11    <uses-feature android:name="android.hardware.type.watch" />
11-->src\main\AndroidManifest.xml:3:5-64
11-->src\main\AndroidManifest.xml:3:19-61
12    <uses-feature android:name="android.hardware.bluetooth" />
12-->src\main\AndroidManifest.xml:4:5-63
12-->src\main\AndroidManifest.xml:4:19-60
13
14    <uses-permission android:name="android.permission.BLUETOOTH" />
14-->src\main\AndroidManifest.xml:6:5-68
14-->src\main\AndroidManifest.xml:6:22-65
15    <uses-permission android:name="android.permission.BLUETOOTH_ADMIN" />
15-->src\main\AndroidManifest.xml:7:5-74
15-->src\main\AndroidManifest.xml:7:22-71
16    <uses-permission android:name="android.permission.BLUETOOTH_CONNECT" />
16-->src\main\AndroidManifest.xml:8:5-76
16-->src\main\AndroidManifest.xml:8:22-73
17
18    <permission
18-->[androidx.core:core:1.12.0] AndroidManifest.xml:22:5-24:47
19        android:name="com.ckzhang.remotecap.DYNAMIC_RECEIVER_NOT_EXPORTED_PERMISSION"
19-->[androidx.core:core:1.12.0] AndroidManifest.xml:23:9-81
20        android:protectionLevel="signature" />
20-->[androidx.core:core:1.12.0] AndroidManifest.xml:24:9-44
21
22    <uses-permission android:name="com.ckzhang.remotecap.DYNAMIC_RECEIVER_NOT_EXPORTED_PERMISSION" />
22-->[androidx.core:core:1.12.0] AndroidManifest.xml:26:5-97
22-->[androidx.core:core:1.12.0] AndroidManifest.xml:26:22-94
23
24    <application
24-->src\main\AndroidManifest.xml:10:5-25:19
25        android:allowBackup="true"
25-->src\main\AndroidManifest.xml:11:9-35
26        android:appComponentFactory="androidx.core.app.CoreComponentFactory"
26-->[androidx.core:core:1.12.0] AndroidManifest.xml:28:18-86
27        android:debuggable="true"
28        android:extractNativeLibs="false"
29        android:label="Remote Cap Wear"
29-->src\main\AndroidManifest.xml:12:9-40
30        android:supportsRtl="true"
30-->src\main\AndroidManifest.xml:13:9-35
31        android:theme="@android:style/Theme.DeviceDefault" >
31-->src\main\AndroidManifest.xml:14:9-59
32        <activity
32-->src\main\AndroidManifest.xml:16:9-23:20
33            android:name="com.ckzhang.remotecap.wear.MainActivity"
33-->src\main\AndroidManifest.xml:17:13-41
34            android:exported="true" >
34-->src\main\AndroidManifest.xml:18:13-36
35            <intent-filter>
35-->src\main\AndroidManifest.xml:19:13-22:29
36                <action android:name="android.intent.action.MAIN" />
36-->src\main\AndroidManifest.xml:20:17-69
36-->src\main\AndroidManifest.xml:20:25-66
37
38                <category android:name="android.intent.category.LAUNCHER" />
38-->src\main\AndroidManifest.xml:21:17-77
38-->src\main\AndroidManifest.xml:21:27-74
39            </intent-filter>
40        </activity>
41
42        <service
42-->src\main\AndroidManifest.xml:24:9-272
43            android:name="com.ckzhang.remotecap.wear.WatchPreviewListenerService"
43-->src\main\AndroidManifest.xml:24:18-61
44            android:exported="true" >
44-->src\main\AndroidManifest.xml:24:62-85
45            <intent-filter>
45-->src\main\AndroidManifest.xml:24:86-262
46                <action android:name="com.google.android.gms.wearable.MESSAGE_RECEIVED" />
46-->src\main\AndroidManifest.xml:24:101-175
46-->src\main\AndroidManifest.xml:24:109-172
47
48                <data
48-->src\main\AndroidManifest.xml:24:175-246
49                    android:host="*"
49-->src\main\AndroidManifest.xml:24:203-219
50                    android:path="/preview"
50-->src\main\AndroidManifest.xml:24:220-243
51                    android:scheme="wear" />
51-->src\main\AndroidManifest.xml:24:181-202
52            </intent-filter>
53        </service>
54
55        <activity
55-->[com.google.android.gms:play-services-base:18.0.1] AndroidManifest.xml:20:9-22:45
56            android:name="com.google.android.gms.common.api.GoogleApiActivity"
56-->[com.google.android.gms:play-services-base:18.0.1] AndroidManifest.xml:20:19-85
57            android:exported="false"
57-->[com.google.android.gms:play-services-base:18.0.1] AndroidManifest.xml:22:19-43
58            android:theme="@android:style/Theme.Translucent.NoTitleBar" />
58-->[com.google.android.gms:play-services-base:18.0.1] AndroidManifest.xml:21:19-78
59
60        <meta-data
60-->[com.google.android.gms:play-services-basement:18.0.0] AndroidManifest.xml:21:9-23:69
61            android:name="com.google.android.gms.version"
61-->[com.google.android.gms:play-services-basement:18.0.0] AndroidManifest.xml:22:13-58
62            android:value="@integer/google_play_services_version" />
62-->[com.google.android.gms:play-services-basement:18.0.0] AndroidManifest.xml:23:13-66
63
64        <provider
64-->[androidx.emoji2:emoji2:1.2.0] AndroidManifest.xml:24:9-32:20
65            android:name="androidx.startup.InitializationProvider"
65-->[androidx.emoji2:emoji2:1.2.0] AndroidManifest.xml:25:13-67
66            android:authorities="com.ckzhang.remotecap.androidx-startup"
66-->[androidx.emoji2:emoji2:1.2.0] AndroidManifest.xml:26:13-68
67            android:exported="false" >
67-->[androidx.emoji2:emoji2:1.2.0] AndroidManifest.xml:27:13-37
68            <meta-data
68-->[androidx.emoji2:emoji2:1.2.0] AndroidManifest.xml:29:13-31:52
69                android:name="androidx.emoji2.text.EmojiCompatInitializer"
69-->[androidx.emoji2:emoji2:1.2.0] AndroidManifest.xml:30:17-75
70                android:value="androidx.startup" />
70-->[androidx.emoji2:emoji2:1.2.0] AndroidManifest.xml:31:17-49
71            <meta-data
71-->[androidx.lifecycle:lifecycle-process:2.6.1] AndroidManifest.xml:29:13-31:52
72                android:name="androidx.lifecycle.ProcessLifecycleInitializer"
72-->[androidx.lifecycle:lifecycle-process:2.6.1] AndroidManifest.xml:30:17-78
73                android:value="androidx.startup" />
73-->[androidx.lifecycle:lifecycle-process:2.6.1] AndroidManifest.xml:31:17-49
74            <meta-data
74-->[androidx.profileinstaller:profileinstaller:1.3.0] AndroidManifest.xml:29:13-31:52
75                android:name="androidx.profileinstaller.ProfileInstallerInitializer"
75-->[androidx.profileinstaller:profileinstaller:1.3.0] AndroidManifest.xml:30:17-85
76                android:value="androidx.startup" />
76-->[androidx.profileinstaller:profileinstaller:1.3.0] AndroidManifest.xml:31:17-49
77        </provider>
78
79        <receiver
79-->[androidx.profileinstaller:profileinstaller:1.3.0] AndroidManifest.xml:34:9-52:20
80            android:name="androidx.profileinstaller.ProfileInstallReceiver"
80-->[androidx.profileinstaller:profileinstaller:1.3.0] AndroidManifest.xml:35:13-76
81            android:directBootAware="false"
81-->[androidx.profileinstaller:profileinstaller:1.3.0] AndroidManifest.xml:36:13-44
82            android:enabled="true"
82-->[androidx.profileinstaller:profileinstaller:1.3.0] AndroidManifest.xml:37:13-35
83            android:exported="true"
83-->[androidx.profileinstaller:profileinstaller:1.3.0] AndroidManifest.xml:38:13-36
84            android:permission="android.permission.DUMP" >
84-->[androidx.profileinstaller:profileinstaller:1.3.0] AndroidManifest.xml:39:13-57
85            <intent-filter>
85-->[androidx.profileinstaller:profileinstaller:1.3.0] AndroidManifest.xml:40:13-42:29
86                <action android:name="androidx.profileinstaller.action.INSTALL_PROFILE" />
86-->[androidx.profileinstaller:profileinstaller:1.3.0] AndroidManifest.xml:41:17-91
86-->[androidx.profileinstaller:profileinstaller:1.3.0] AndroidManifest.xml:41:25-88
87            </intent-filter>
88            <intent-filter>
88-->[androidx.profileinstaller:profileinstaller:1.3.0] AndroidManifest.xml:43:13-45:29
89                <action android:name="androidx.profileinstaller.action.SKIP_FILE" />
89-->[androidx.profileinstaller:profileinstaller:1.3.0] AndroidManifest.xml:44:17-85
89-->[androidx.profileinstaller:profileinstaller:1.3.0] AndroidManifest.xml:44:25-82
90            </intent-filter>
91            <intent-filter>
91-->[androidx.profileinstaller:profileinstaller:1.3.0] AndroidManifest.xml:46:13-48:29
92                <action android:name="androidx.profileinstaller.action.SAVE_PROFILE" />
92-->[androidx.profileinstaller:profileinstaller:1.3.0] AndroidManifest.xml:47:17-88
92-->[androidx.profileinstaller:profileinstaller:1.3.0] AndroidManifest.xml:47:25-85
93            </intent-filter>
94            <intent-filter>
94-->[androidx.profileinstaller:profileinstaller:1.3.0] AndroidManifest.xml:49:13-51:29
95                <action android:name="androidx.profileinstaller.action.BENCHMARK_OPERATION" />
95-->[androidx.profileinstaller:profileinstaller:1.3.0] AndroidManifest.xml:50:17-95
95-->[androidx.profileinstaller:profileinstaller:1.3.0] AndroidManifest.xml:50:25-92
96            </intent-filter>
97        </receiver>
98    </application>
99
100</manifest>